{
  "stats": {
    "suites": 3,
    "tests": 3,
    "passes": 3,
    "pending": 0,
    "failures": 0,
    "start": "2026-06-14T16:17:32.408Z",
    "end": "2026-06-14T16:17:32.412Z",
    "duration": 4,
    "testsRegistered": 3,
    "passPercent": 100,
    "pendingPercent": 0,
    "other": 0,
    "hasOther": false,
    "skipped": 0,
    "hasSkipped": false
  },
  "results": [
    {
      "uuid": "9401607a-84f3-4571-ab68-d075aa7b842b",
      "title": "",
      "fullFile": "/home/hugo_moreira/Documentos/Planejamento-2026/Pos-graduacao/03 - Programação para Automações de Testes/Projects/ProjetoFinal/desafio-pagamento/test/ServicoDePagamento.test.js",
      "file": "/test/ServicoDePagamento.test.js",
      "beforeHooks": [],
      "afterHooks": [],
      "tests": [],
      "suites": [
        {
          "uuid": "5ca7cc1a-ff92-42e6-8c59-ecc1f6866e73",
          "title": "ServicoDePagamento",
          "fullFile": "/home/hugo_moreira/Documentos/Planejamento-2026/Pos-graduacao/03 - Programação para Automações de Testes/Projects/ProjetoFinal/desafio-pagamento/test/ServicoDePagamento.test.js",
          "file": "/test/ServicoDePagamento.test.js",
          "beforeHooks": [],
          "afterHooks": [],
          "tests": [],
          "suites": [
            {
              "uuid": "2b39eaf3-6112-440c-8536-28fefb1edfd0",
              "title": "pagar()",
              "fullFile": "/home/hugo_moreira/Documentos/Planejamento-2026/Pos-graduacao/03 - Programação para Automações de Testes/Projects/ProjetoFinal/desafio-pagamento/test/ServicoDePagamento.test.js",
              "file": "/test/ServicoDePagamento.test.js",
              "beforeHooks": [],
              "afterHooks": [],
              "tests": [
                {
                  "title": "deve classificar como \"cara\" quando o valor for maior que 100",
                  "fullTitle": "ServicoDePagamento pagar() deve classificar como \"cara\" quando o valor for maior que 100",
                  "timedOut": false,
                  "duration": 0,
                  "state": "passed",
                  "speed": "fast",
                  "pass": true,
                  "fail": false,
                  "pending": false,
                  "context": null,
                  "code": "// Arrange\nconst servico = new ServicoDePagamento();\n// Act\nservico.pagar('0987-7656-3475', 'Samar', 156.87);\nconst resultado = servico.consultarUltimoPagamento();\n// Assert\nassert.strictEqual(resultado.categoria, 'cara');",
                  "err": {},
                  "uuid": "39fdc514-0c3b-4716-bd40-d91af71bfa28",
                  "parentUUID": "2b39eaf3-6112-440c-8536-28fefb1edfd0",
                  "isHook": false,
                  "skipped": false
                },
                {
                  "title": "deve classificar como \"padrão\" quando o valor for igual ou menor que 100",
                  "fullTitle": "ServicoDePagamento pagar() deve classificar como \"padrão\" quando o valor for igual ou menor que 100",
                  "timedOut": false,
                  "duration": 0,
                  "state": "passed",
                  "speed": "fast",
                  "pass": true,
                  "fail": false,
                  "pending": false,
                  "context": null,
                  "code": "// Arrange\nconst servico = new ServicoDePagamento();\n// Act\nservico.pagar('1111-2222-3333', 'Água', 100);\nconst resultado = servico.consultarUltimoPagamento();\n// Assert\nassert.strictEqual(resultado.categoria, 'padrão');",
                  "err": {},
                  "uuid": "078124f1-ecf8-4090-a5f1-60415d513c59",
                  "parentUUID": "2b39eaf3-6112-440c-8536-28fefb1edfd0",
                  "isHook": false,
                  "skipped": false
                }
              ],
              "suites": [],
              "passes": [
                "39fdc514-0c3b-4716-bd40-d91af71bfa28",
                "078124f1-ecf8-4090-a5f1-60415d513c59"
              ],
              "failures": [],
              "pending": [],
              "skipped": [],
              "duration": 0,
              "root": false,
              "rootEmpty": false,
              "_timeout": 2000
            },
            {
              "uuid": "8d5bf135-b401-43f7-a5a0-543dd4a7a6b9",
              "title": "consultarUltimoPagamento()",
              "fullFile": "/home/hugo_moreira/Documentos/Planejamento-2026/Pos-graduacao/03 - Programação para Automações de Testes/Projects/ProjetoFinal/desafio-pagamento/test/ServicoDePagamento.test.js",
              "file": "/test/ServicoDePagamento.test.js",
              "beforeHooks": [],
              "afterHooks": [],
              "tests": [
                {
                  "title": "deve retornar apenas o último pagamento quando múltiplos pagamentos forem realizados",
                  "fullTitle": "ServicoDePagamento consultarUltimoPagamento() deve retornar apenas o último pagamento quando múltiplos pagamentos forem realizados",
                  "timedOut": false,
                  "duration": 0,
                  "state": "passed",
                  "speed": "fast",
                  "pass": true,
                  "fail": false,
                  "pending": false,
                  "context": null,
                  "code": "// Arrange\nconst servico = new ServicoDePagamento();\n// Act\nservico.pagar('0001-0001-0001', 'Internet', 99.90);\nservico.pagar('0987-7656-3475', 'Samar', 156.87);\nconst resultado = servico.consultarUltimoPagamento();\n// Assert\nassert.deepStrictEqual(resultado, {\n  codigoBarras: '0987-7656-3475',\n  empresa: 'Samar',\n  valor: 156.87,\n  categoria: 'cara',\n});",
                  "err": {},
                  "uuid": "c0e2b206-87d7-46ff-aada-d9b19deeae7b",
                  "parentUUID": "8d5bf135-b401-43f7-a5a0-543dd4a7a6b9",
                  "isHook": false,
                  "skipped": false
                }
              ],
              "suites": [],
              "passes": [
                "c0e2b206-87d7-46ff-aada-d9b19deeae7b"
              ],
              "failures": [],
              "pending": [],
              "skipped": [],
              "duration": 0,
              "root": false,
              "rootEmpty": false,
              "_timeout": 2000
            }
          ],
          "passes": [],
          "failures": [],
          "pending": [],
          "skipped": [],
          "duration": 0,
          "root": false,
          "rootEmpty": false,
          "_timeout": 2000
        }
      ],
      "passes": [],
      "failures": [],
      "pending": [],
      "skipped": [],
      "duration": 0,
      "root": true,
      "rootEmpty": true,
      "_timeout": 2000
    }
  ],
  "meta": {
    "mocha": {
      "version": "11.7.5"
    },
    "mochawesome": {
      "options": {
        "quiet": false,
        "reportFilename": "index",
        "saveHtml": true,
        "saveJson": true,
        "consoleReporter": "spec",
        "useInlineDiffs": false,
        "code": true
      },
      "version": "7.1.4"
    },
    "marge": {
      "options": {
        "reportDir": "mochawesome-report",
        "reportFilename": "index"
      },
      "version": "6.3.2"
    }
  }
}